[2024-09-17 02:00:37,733] [org.springframework.boot.StartupInfoLogger] [restartedMain] [50] [INFO ] Starting DmsApiApplication using Java 21.0.3 with PID 22292 (D:\springboot\dms-api\target\classes started by User in D:\springboot\dms-api)
[2024-09-17 02:00:37,739] [org.springframework.boot.StartupInfoLogger] [restartedMain] [51] [DEBUG] Running with Spring Boot v3.3.3, Spring v6.1.12
[2024-09-17 02:00:37,741] [org.springframework.boot.SpringApplication] [restartedMain] [654] [INFO ] No active profile set, falling back to 1 default profile: "default"
[2024-09-17 02:00:37,884] [org.springframework.boot.logging.DeferredLog] [restartedMain] [252] [INFO ] Devtools property defaults active! Set 'spring.devtools.add-properties' to 'false' to disable
[2024-09-17 02:00:37,885] [org.springframework.boot.logging.DeferredLog] [restartedMain] [252] [INFO ] For additional web related logging consider setting the 'logging.level.web' property to 'DEBUG'
[2024-09-17 02:00:40,122] [org.springframework.data.repository.config.RepositoryConfigurationDelegate] [restartedMain] [143] [INFO ] Bootstrapping Spring Data JPA repositories in DEFAULT mode.
[2024-09-17 02:00:40,265] [org.springframework.data.repository.config.RepositoryConfigurationDelegate] [restartedMain] [211] [INFO ] Finished Spring Data repository scanning in 123 ms. Found 4 JPA repository interfaces.
[2024-09-17 02:00:41,449] [org.springframework.boot.web.embedded.tomcat.TomcatWebServer] [restartedMain] [111] [INFO ] Tomcat initialized with port 8080 (http)
[2024-09-17 02:00:41,481] [org.apache.juli.logging.DirectJDKLog] [restartedMain] [173] [INFO ] Starting service [Tomcat]
[2024-09-17 02:00:41,482] [org.apache.juli.logging.DirectJDKLog] [restartedMain] [173] [INFO ] Starting Servlet engine: [Apache Tomcat/10.1.28]
[2024-09-17 02:00:41,586] [org.apache.juli.logging.DirectJDKLog] [restartedMain] [173] [INFO ] Initializing Spring embedded WebApplicationContext
[2024-09-17 02:00:41,587] [org.springframework.boot.web.servlet.context.ServletWebServerApplicationContext] [restartedMain] [296] [INFO ] Root WebApplicationContext: initialization completed in 3699 ms
[2024-09-17 02:00:41,871] [org.hibernate.jpa.internal.util.LogHelper] [restartedMain] [31] [INFO ] HHH000204: Processing PersistenceUnitInfo [name: default]
[2024-09-17 02:00:42,041] [org.hibernate.Version] [restartedMain] [44] [INFO ] HHH000412: Hibernate ORM core version 6.5.2.Final
[2024-09-17 02:00:42,132] [org.hibernate.cache.internal.RegionFactoryInitiator] [restartedMain] [50] [INFO ] HHH000026: Second-level cache disabled
[2024-09-17 02:00:42,812] [org.springframework.orm.jpa.persistenceunit.SpringPersistenceUnitInfo] [restartedMain] [87] [INFO ] No LoadTimeWeaver setup: ignoring JPA class transformer
[2024-09-17 02:00:42,879] [com.zaxxer.hikari.HikariDataSource] [restartedMain] [109] [INFO ] HikariPool-1 - Starting...
[2024-09-17 02:00:43,773] [com.zaxxer.hikari.pool.HikariPool] [restartedMain] [554] [INFO ] HikariPool-1 - Added connection com.mysql.cj.jdbc.ConnectionImpl@74942890
[2024-09-17 02:00:43,778] [com.zaxxer.hikari.HikariDataSource] [restartedMain] [122] [INFO ] HikariPool-1 - Start completed.
[2024-09-17 02:00:43,954] [org.hibernate.engine.jdbc.dialect.internal.DialectFactoryImpl] [restartedMain] [153] [WARN ] HHH90000025: MySQL8Dialect does not need to be specified explicitly using 'hibernate.dialect' (remove the property setting and it will be selected by default)
[2024-09-17 02:00:43,957] [org.hibernate.engine.jdbc.dialect.internal.DialectFactoryImpl] [restartedMain] [101] [WARN ] HHH90000026: MySQL8Dialect has been deprecated; use org.hibernate.dialect.MySQLDialect instead
[2024-09-17 02:00:46,096] [org.hibernate.engine.transaction.jta.platform.internal.JtaPlatformInitiator] [restartedMain] [59] [INFO ] HHH000489: No JTA platform available (set 'hibernate.transaction.jta.platform' to enable JTA platform integration)
[2024-09-17 02:00:46,419] [org.springframework.orm.jpa.AbstractEntityManagerFactoryBean] [restartedMain] [437] [INFO ] Initialized JPA EntityManagerFactory for persistence unit 'default'
[2024-09-17 02:00:47,378] [org.springframework.boot.autoconfigure.orm.jpa.JpaBaseConfiguration$JpaWebConfiguration] [restartedMain] [236] [WARN ] spring.jpa.open-in-view is enabled by default. Therefore, database queries may be performed during view rendering. Explicitly configure spring.jpa.open-in-view to disable this warning
[2024-09-17 02:00:47,801] [org.springframework.web.filter.GenericFilterBean] [restartedMain] [240] [DEBUG] Filter 'jwtFilter' configured for use
[2024-09-17 02:00:47,991] [org.springframework.security.config.annotation.authentication.configuration.InitializeAuthenticationProviderBeanManagerConfigurer$InitializeAuthenticationProviderManagerConfigurer] [restartedMain] [83] [INFO ] Global AuthenticationManager configured with AuthenticationProvider bean with name authenticationProvider
[2024-09-17 02:00:47,993] [org.springframework.security.config.annotation.authentication.configuration.InitializeUserDetailsBeanManagerConfigurer$InitializeUserDetailsManagerConfigurer] [restartedMain] [72] [WARN ] Global AuthenticationManager configured with an AuthenticationProvider bean. UserDetailsService beans will not be used for username/password login. Consider removing the AuthenticationProvider bean. Alternatively, consider using the UserDetailsService in a manually instantiated DaoAuthenticationProvider.
[2024-09-17 02:00:48,074] [org.springframework.data.jpa.repository.query.QueryEnhancerFactory] [restartedMain] [49] [INFO ] Hibernate is in classpath; If applicable, HQL parser will be used.
[2024-09-17 02:00:49,638] [org.springframework.boot.autoconfigure.thymeleaf.ThymeleafAutoConfiguration$DefaultTemplateResolverConfiguration] [restartedMain] [101] [WARN ] Cannot find template location: classpath:/templates/ (please add some templates, check your Thymeleaf configuration, or set spring.thymeleaf.check-template-location=false)
[2024-09-17 02:00:50,020] [org.springframework.boot.devtools.autoconfigure.OptionalLiveReloadServer] [restartedMain] [59] [INFO ] LiveReload server is running on port 35729
[2024-09-17 02:00:50,145] [org.springframework.boot.web.embedded.tomcat.TomcatWebServer] [restartedMain] [243] [INFO ] Tomcat started on port 8080 (http) with context path '/'
[2024-09-17 02:00:50,171] [org.springframework.boot.StartupInfoLogger] [restartedMain] [56] [INFO ] Started DmsApiApplication in 13.325 seconds (process running for 23.302)
[2024-09-17 02:01:06,369] [org.apache.juli.logging.DirectJDKLog] [http-nio-8080-exec-2] [173] [INFO ] Initializing Spring DispatcherServlet 'dispatcherServlet'
[2024-09-17 02:01:06,370] [org.springframework.web.servlet.FrameworkServlet] [http-nio-8080-exec-2] [532] [INFO ] Initializing Servlet 'dispatcherServlet'
[2024-09-17 02:01:06,372] [org.springframework.web.servlet.FrameworkServlet] [http-nio-8080-exec-2] [554] [INFO ] Completed initialization in 2 ms
[2024-09-17 02:01:06,819] [org.springframework.web.servlet.handler.AbstractHandlerExceptionResolver] [http-nio-8080-exec-2] [247] [WARN ] Resolved [io.jsonwebtoken.MalformedJwtException: Malformed protected header JSON: Unable to deserialize: Unexpected character ('|' (code 124)): was expecting comma to separate Object entries<EOL> at [Source: REDACTED (`StreamReadFeature.INCLUDE_SOURCE_IN_LOCATION` disabled); line: 1, column: 15]]
[2024-09-17 02:01:15,580] [org.springframework.web.servlet.handler.AbstractHandlerExceptionResolver] [http-nio-8080-exec-3] [247] [WARN ] Resolved [io.jsonwebtoken.security.SignatureException: JWT signature does not match locally computed signature. JWT validity cannot be asserted and should not be trusted.]
[2024-09-17 02:01:22,157] [org.springframework.web.servlet.handler.AbstractHandlerExceptionResolver] [http-nio-8080-exec-4] [247] [WARN ] Resolved [io.jsonwebtoken.ExpiredJwtException: JWT expired 8340153 milliseconds ago at 2024-09-16T18:12:22.000Z. Current time: 2024-09-16T20:31:22.153Z. Allowed clock skew: 0 milliseconds.]
[2024-09-17 02:04:58,201] [org.springframework.web.servlet.handler.AbstractHandlerExceptionResolver] [http-nio-8080-exec-6] [247] [WARN ] Resolved [io.jsonwebtoken.ExpiredJwtException: JWT expired 8556193 milliseconds ago at 2024-09-16T18:12:22.000Z. Current time: 2024-09-16T20:34:58.193Z. Allowed clock skew: 0 milliseconds.]
[2024-09-17 02:05:48,651] [org.springframework.boot.devtools.autoconfigure.LocalDevToolsAutoConfiguration$RestartingClassPathChangeChangedEventListener] [File Watcher] [211] [INFO ] Restarting due to 1 class path change (0 additions, 0 deletions, 1 modification)
[2024-09-17 02:05:48,705] [org.springframework.orm.jpa.AbstractEntityManagerFactoryBean] [Thread-5] [650] [INFO ] Closing JPA EntityManagerFactory for persistence unit 'default'
[2024-09-17 02:05:48,727] [com.zaxxer.hikari.HikariDataSource] [Thread-5] [349] [INFO ] HikariPool-1 - Shutdown initiated...
[2024-09-17 02:05:48,772] [com.zaxxer.hikari.HikariDataSource] [Thread-5] [351] [INFO ] HikariPool-1 - Shutdown completed.
[2024-09-17 02:05:49,081] [org.springframework.boot.StartupInfoLogger] [restartedMain] [50] [INFO ] Starting DmsApiApplication using Java 21.0.3 with PID 22292 (D:\springboot\dms-api\target\classes started by User in D:\springboot\dms-api)
[2024-09-17 02:05:49,082] [org.springframework.boot.StartupInfoLogger] [restartedMain] [51] [DEBUG] Running with Spring Boot v3.3.3, Spring v6.1.12
[2024-09-17 02:05:49,083] [org.springframework.boot.SpringApplication] [restartedMain] [654] [INFO ] No active profile set, falling back to 1 default profile: "default"
[2024-09-17 02:05:50,094] [org.springframework.data.repository.config.RepositoryConfigurationDelegate] [restartedMain] [143] [INFO ] Bootstrapping Spring Data JPA repositories in DEFAULT mode.
[2024-09-17 02:05:50,178] [org.springframework.data.repository.config.RepositoryConfigurationDelegate] [restartedMain] [211] [INFO ] Finished Spring Data repository scanning in 82 ms. Found 4 JPA repository interfaces.
[2024-09-17 02:05:50,596] [org.springframework.boot.web.embedded.tomcat.TomcatWebServer] [restartedMain] [111] [INFO ] Tomcat initialized with port 8080 (http)
[2024-09-17 02:05:50,598] [org.apache.juli.logging.DirectJDKLog] [restartedMain] [173] [INFO ] Starting service [Tomcat]
[2024-09-17 02:05:50,599] [org.apache.juli.logging.DirectJDKLog] [restartedMain] [173] [INFO ] Starting Servlet engine: [Apache Tomcat/10.1.28]
[2024-09-17 02:05:50,638] [org.apache.juli.logging.DirectJDKLog] [restartedMain] [173] [INFO ] Initializing Spring embedded WebApplicationContext
[2024-09-17 02:05:50,639] [org.springframework.boot.web.servlet.context.ServletWebServerApplicationContext] [restartedMain] [296] [INFO ] Root WebApplicationContext: initialization completed in 1546 ms
[2024-09-17 02:05:50,725] [org.hibernate.jpa.internal.util.LogHelper] [restartedMain] [31] [INFO ] HHH000204: Processing PersistenceUnitInfo [name: default]
[2024-09-17 02:05:50,732] [org.hibernate.cache.internal.RegionFactoryInitiator] [restartedMain] [50] [INFO ] HHH000026: Second-level cache disabled
[2024-09-17 02:05:50,778] [org.springframework.orm.jpa.persistenceunit.SpringPersistenceUnitInfo] [restartedMain] [87] [INFO ] No LoadTimeWeaver setup: ignoring JPA class transformer
[2024-09-17 02:05:50,781] [com.zaxxer.hikari.HikariDataSource] [restartedMain] [109] [INFO ] HikariPool-2 - Starting...
[2024-09-17 02:05:50,858] [com.zaxxer.hikari.pool.HikariPool] [restartedMain] [554] [INFO ] HikariPool-2 - Added connection com.mysql.cj.jdbc.ConnectionImpl@247045d8
[2024-09-17 02:05:50,860] [com.zaxxer.hikari.HikariDataSource] [restartedMain] [122] [INFO ] HikariPool-2 - Start completed.
[2024-09-17 02:05:50,862] [org.hibernate.engine.jdbc.dialect.internal.DialectFactoryImpl] [restartedMain] [153] [WARN ] HHH90000025: MySQL8Dialect does not need to be specified explicitly using 'hibernate.dialect' (remove the property setting and it will be selected by default)
[2024-09-17 02:05:50,863] [org.hibernate.engine.jdbc.dialect.internal.DialectFactoryImpl] [restartedMain] [101] [WARN ] HHH90000026: MySQL8Dialect has been deprecated; use org.hibernate.dialect.MySQLDialect instead
[2024-09-17 02:05:51,156] [org.hibernate.engine.transaction.jta.platform.internal.JtaPlatformInitiator] [restartedMain] [59] [INFO ] HHH000489: No JTA platform available (set 'hibernate.transaction.jta.platform' to enable JTA platform integration)
[2024-09-17 02:05:51,266] [org.springframework.orm.jpa.AbstractEntityManagerFactoryBean] [restartedMain] [437] [INFO ] Initialized JPA EntityManagerFactory for persistence unit 'default'
[2024-09-17 02:05:51,402] [org.springframework.boot.autoconfigure.orm.jpa.JpaBaseConfiguration$JpaWebConfiguration] [restartedMain] [236] [WARN ] spring.jpa.open-in-view is enabled by default. Therefore, database queries may be performed during view rendering. Explicitly configure spring.jpa.open-in-view to disable this warning
[2024-09-17 02:05:51,492] [org.springframework.web.filter.GenericFilterBean] [restartedMain] [240] [DEBUG] Filter 'jwtFilter' configured for use
[2024-09-17 02:05:51,540] [org.springframework.security.config.annotation.authentication.configuration.InitializeAuthenticationProviderBeanManagerConfigurer$InitializeAuthenticationProviderManagerConfigurer] [restartedMain] [83] [INFO ] Global AuthenticationManager configured with AuthenticationProvider bean with name authenticationProvider
[2024-09-17 02:05:51,542] [org.springframework.security.config.annotation.authentication.configuration.InitializeUserDetailsBeanManagerConfigurer$InitializeUserDetailsManagerConfigurer] [restartedMain] [72] [WARN ] Global AuthenticationManager configured with an AuthenticationProvider bean. UserDetailsService beans will not be used for username/password login. Consider removing the AuthenticationProvider bean. Alternatively, consider using the UserDetailsService in a manually instantiated DaoAuthenticationProvider.
[2024-09-17 02:05:51,773] [org.springframework.boot.autoconfigure.thymeleaf.ThymeleafAutoConfiguration$DefaultTemplateResolverConfiguration] [restartedMain] [101] [WARN ] Cannot find template location: classpath:/templates/ (please add some templates, check your Thymeleaf configuration, or set spring.thymeleaf.check-template-location=false)
[2024-09-17 02:05:51,874] [org.springframework.boot.devtools.autoconfigure.OptionalLiveReloadServer] [restartedMain] [59] [INFO ] LiveReload server is running on port 35729
[2024-09-17 02:05:51,893] [org.springframework.boot.web.embedded.tomcat.TomcatWebServer] [restartedMain] [243] [INFO ] Tomcat started on port 8080 (http) with context path '/'
[2024-09-17 02:05:51,908] [org.springframework.boot.StartupInfoLogger] [restartedMain] [56] [INFO ] Started DmsApiApplication in 2.98 seconds (process running for 325.039)
[2024-09-17 02:05:51,914] [org.springframework.boot.devtools.autoconfigure.ConditionEvaluationDeltaLoggingListener] [restartedMain] [63] [INFO ] Condition evaluation unchanged
[2024-09-17 02:06:03,030] [org.apache.juli.logging.DirectJDKLog] [http-nio-8080-exec-2] [173] [INFO ] Initializing Spring DispatcherServlet 'dispatcherServlet'
[2024-09-17 02:06:03,031] [org.springframework.web.servlet.FrameworkServlet] [http-nio-8080-exec-2] [532] [INFO ] Initializing Servlet 'dispatcherServlet'
[2024-09-17 02:06:03,034] [org.springframework.web.servlet.FrameworkServlet] [http-nio-8080-exec-2] [554] [INFO ] Completed initialization in 3 ms
[2024-09-17 02:06:03,053] [org.springframework.web.servlet.handler.AbstractHandlerExceptionResolver] [http-nio-8080-exec-2] [247] [WARN ] Resolved [io.jsonwebtoken.ExpiredJwtException: JWT expired 8621036 milliseconds ago at 2024-09-16T18:12:22.000Z. Current time: 2024-09-16T20:36:03.036Z. Allowed clock skew: 0 milliseconds.]
[2024-09-17 02:06:07,262] [org.springframework.web.servlet.handler.AbstractHandlerExceptionResolver] [http-nio-8080-exec-3] [247] [WARN ] Resolved [io.jsonwebtoken.ExpiredJwtException: JWT expired 8625262 milliseconds ago at 2024-09-16T18:12:22.000Z. Current time: 2024-09-16T20:36:07.262Z. Allowed clock skew: 0 milliseconds.]
[2024-09-17 02:06:14,908] [org.springframework.web.servlet.handler.AbstractHandlerExceptionResolver] [http-nio-8080-exec-4] [247] [WARN ] Resolved [io.jsonwebtoken.ExpiredJwtException: JWT expired 8632903 milliseconds ago at 2024-09-16T18:12:22.000Z. Current time: 2024-09-16T20:36:14.903Z. Allowed clock skew: 0 milliseconds.]
[2024-09-17 02:07:00,054] [org.springframework.boot.devtools.autoconfigure.LocalDevToolsAutoConfiguration$RestartingClassPathChangeChangedEventListener] [File Watcher] [211] [INFO ] Restarting due to 1 class path change (0 additions, 0 deletions, 1 modification)
[2024-09-17 02:07:00,103] [org.springframework.orm.jpa.AbstractEntityManagerFactoryBean] [Thread-7] [650] [INFO ] Closing JPA EntityManagerFactory for persistence unit 'default'
[2024-09-17 02:07:00,105] [com.zaxxer.hikari.HikariDataSource] [Thread-7] [349] [INFO ] HikariPool-2 - Shutdown initiated...
[2024-09-17 02:07:00,173] [com.zaxxer.hikari.HikariDataSource] [Thread-7] [351] [INFO ] HikariPool-2 - Shutdown completed.
[2024-09-17 02:07:00,522] [org.springframework.boot.StartupInfoLogger] [restartedMain] [50] [INFO ] Starting DmsApiApplication using Java 21.0.3 with PID 22292 (D:\springboot\dms-api\target\classes started by User in D:\springboot\dms-api)
[2024-09-17 02:07:00,523] [org.springframework.boot.StartupInfoLogger] [restartedMain] [51] [DEBUG] Running with Spring Boot v3.3.3, Spring v6.1.12
[2024-09-17 02:07:00,524] [org.springframework.boot.SpringApplication] [restartedMain] [654] [INFO ] No active profile set, falling back to 1 default profile: "default"
[2024-09-17 02:07:01,019] [org.springframework.data.repository.config.RepositoryConfigurationDelegate] [restartedMain] [143] [INFO ] Bootstrapping Spring Data JPA repositories in DEFAULT mode.
[2024-09-17 02:07:01,046] [org.springframework.data.repository.config.RepositoryConfigurationDelegate] [restartedMain] [211] [INFO ] Finished Spring Data repository scanning in 26 ms. Found 4 JPA repository interfaces.
[2024-09-17 02:07:01,390] [org.springframework.boot.web.embedded.tomcat.TomcatWebServer] [restartedMain] [111] [INFO ] Tomcat initialized with port 8080 (http)
[2024-09-17 02:07:01,393] [org.apache.juli.logging.DirectJDKLog] [restartedMain] [173] [INFO ] Starting service [Tomcat]
[2024-09-17 02:07:01,394] [org.apache.juli.logging.DirectJDKLog] [restartedMain] [173] [INFO ] Starting Servlet engine: [Apache Tomcat/10.1.28]
[2024-09-17 02:07:01,429] [org.apache.juli.logging.DirectJDKLog] [restartedMain] [173] [INFO ] Initializing Spring embedded WebApplicationContext
[2024-09-17 02:07:01,430] [org.springframework.boot.web.servlet.context.ServletWebServerApplicationContext] [restartedMain] [296] [INFO ] Root WebApplicationContext: initialization completed in 897 ms
[2024-09-17 02:07:01,511] [org.hibernate.jpa.internal.util.LogHelper] [restartedMain] [31] [INFO ] HHH000204: Processing PersistenceUnitInfo [name: default]
[2024-09-17 02:07:01,516] [org.hibernate.cache.internal.RegionFactoryInitiator] [restartedMain] [50] [INFO ] HHH000026: Second-level cache disabled
[2024-09-17 02:07:01,536] [org.springframework.orm.jpa.persistenceunit.SpringPersistenceUnitInfo] [restartedMain] [87] [INFO ] No LoadTimeWeaver setup: ignoring JPA class transformer
[2024-09-17 02:07:01,539] [com.zaxxer.hikari.HikariDataSource] [restartedMain] [109] [INFO ] HikariPool-3 - Starting...
[2024-09-17 02:07:01,588] [com.zaxxer.hikari.pool.HikariPool] [restartedMain] [554] [INFO ] HikariPool-3 - Added connection com.mysql.cj.jdbc.ConnectionImpl@4750a7a0
[2024-09-17 02:07:01,590] [com.zaxxer.hikari.HikariDataSource] [restartedMain] [122] [INFO ] HikariPool-3 - Start completed.
[2024-09-17 02:07:01,592] [org.hibernate.engine.jdbc.dialect.internal.DialectFactoryImpl] [restartedMain] [153] [WARN ] HHH90000025: MySQL8Dialect does not need to be specified explicitly using 'hibernate.dialect' (remove the property setting and it will be selected by default)
[2024-09-17 02:07:01,593] [org.hibernate.engine.jdbc.dialect.internal.DialectFactoryImpl] [restartedMain] [101] [WARN ] HHH90000026: MySQL8Dialect has been deprecated; use org.hibernate.dialect.MySQLDialect instead
[2024-09-17 02:07:01,905] [org.hibernate.engine.transaction.jta.platform.internal.JtaPlatformInitiator] [restartedMain] [59] [INFO ] HHH000489: No JTA platform available (set 'hibernate.transaction.jta.platform' to enable JTA platform integration)
[2024-09-17 02:07:02,008] [org.springframework.orm.jpa.AbstractEntityManagerFactoryBean] [restartedMain] [437] [INFO ] Initialized JPA EntityManagerFactory for persistence unit 'default'
[2024-09-17 02:07:02,193] [org.springframework.boot.autoconfigure.orm.jpa.JpaBaseConfiguration$JpaWebConfiguration] [restartedMain] [236] [WARN ] spring.jpa.open-in-view is enabled by default. Therefore, database queries may be performed during view rendering. Explicitly configure spring.jpa.open-in-view to disable this warning
[2024-09-17 02:07:02,303] [org.springframework.web.filter.GenericFilterBean] [restartedMain] [240] [DEBUG] Filter 'jwtFilter' configured for use
[2024-09-17 02:07:02,326] [org.springframework.security.config.annotation.authentication.configuration.InitializeAuthenticationProviderBeanManagerConfigurer$InitializeAuthenticationProviderManagerConfigurer] [restartedMain] [83] [INFO ] Global AuthenticationManager configured with AuthenticationProvider bean with name authenticationProvider
[2024-09-17 02:07:02,328] [org.springframework.security.config.annotation.authentication.configuration.InitializeUserDetailsBeanManagerConfigurer$InitializeUserDetailsManagerConfigurer] [restartedMain] [72] [WARN ] Global AuthenticationManager configured with an AuthenticationProvider bean. UserDetailsService beans will not be used for username/password login. Consider removing the AuthenticationProvider bean. Alternatively, consider using the UserDetailsService in a manually instantiated DaoAuthenticationProvider.
[2024-09-17 02:07:02,554] [org.springframework.boot.autoconfigure.thymeleaf.ThymeleafAutoConfiguration$DefaultTemplateResolverConfiguration] [restartedMain] [101] [WARN ] Cannot find template location: classpath:/templates/ (please add some templates, check your Thymeleaf configuration, or set spring.thymeleaf.check-template-location=false)
[2024-09-17 02:07:02,684] [org.springframework.boot.devtools.autoconfigure.OptionalLiveReloadServer] [restartedMain] [59] [INFO ] LiveReload server is running on port 35729
[2024-09-17 02:07:02,722] [org.springframework.boot.web.embedded.tomcat.TomcatWebServer] [restartedMain] [243] [INFO ] Tomcat started on port 8080 (http) with context path '/'
[2024-09-17 02:07:02,731] [org.springframework.boot.StartupInfoLogger] [restartedMain] [56] [INFO ] Started DmsApiApplication in 2.289 seconds (process running for 395.862)
[2024-09-17 02:07:02,735] [org.springframework.boot.devtools.autoconfigure.ConditionEvaluationDeltaLoggingListener] [restartedMain] [63] [INFO ] Condition evaluation unchanged
[2024-09-17 02:07:05,894] [org.apache.juli.logging.DirectJDKLog] [http-nio-8080-exec-4] [173] [INFO ] Initializing Spring DispatcherServlet 'dispatcherServlet'
[2024-09-17 02:07:05,894] [org.springframework.web.servlet.FrameworkServlet] [http-nio-8080-exec-4] [532] [INFO ] Initializing Servlet 'dispatcherServlet'
[2024-09-17 02:07:05,896] [org.springframework.web.servlet.FrameworkServlet] [http-nio-8080-exec-4] [554] [INFO ] Completed initialization in 2 ms
[2024-09-17 02:07:05,920] [org.springframework.web.servlet.handler.AbstractHandlerExceptionResolver] [http-nio-8080-exec-4] [247] [WARN ] Resolved [io.jsonwebtoken.ExpiredJwtException: JWT expired 8683901 milliseconds ago at 2024-09-16T18:12:22.000Z. Current time: 2024-09-16T20:37:05.901Z. Allowed clock skew: 0 milliseconds.]
[2024-09-17 02:14:42,094] [org.springframework.boot.devtools.autoconfigure.LocalDevToolsAutoConfiguration$RestartingClassPathChangeChangedEventListener] [File Watcher] [211] [INFO ] Restarting due to 2 class path changes (0 additions, 0 deletions, 2 modifications)
[2024-09-17 02:14:42,132] [org.springframework.orm.jpa.AbstractEntityManagerFactoryBean] [Thread-11] [650] [INFO ] Closing JPA EntityManagerFactory for persistence unit 'default'
[2024-09-17 02:14:42,141] [com.zaxxer.hikari.HikariDataSource] [Thread-11] [349] [INFO ] HikariPool-3 - Shutdown initiated...
[2024-09-17 02:14:42,209] [com.zaxxer.hikari.HikariDataSource] [Thread-11] [351] [INFO ] HikariPool-3 - Shutdown completed.
[2024-09-17 02:14:42,395] [org.springframework.boot.StartupInfoLogger] [restartedMain] [50] [INFO ] Starting DmsApiApplication using Java 21.0.3 with PID 22292 (D:\springboot\dms-api\target\classes started by User in D:\springboot\dms-api)
[2024-09-17 02:14:42,395] [org.springframework.boot.StartupInfoLogger] [restartedMain] [51] [DEBUG] Running with Spring Boot v3.3.3, Spring v6.1.12
[2024-09-17 02:14:42,396] [org.springframework.boot.SpringApplication] [restartedMain] [654] [INFO ] No active profile set, falling back to 1 default profile: "default"
[2024-09-17 02:14:43,104] [org.springframework.data.repository.config.RepositoryConfigurationDelegate] [restartedMain] [143] [INFO ] Bootstrapping Spring Data JPA repositories in DEFAULT mode.
[2024-09-17 02:14:43,149] [org.springframework.data.repository.config.RepositoryConfigurationDelegate] [restartedMain] [211] [INFO ] Finished Spring Data repository scanning in 43 ms. Found 4 JPA repository interfaces.
[2024-09-17 02:14:43,371] [org.springframework.boot.web.embedded.tomcat.TomcatWebServer] [restartedMain] [111] [INFO ] Tomcat initialized with port 8080 (http)
[2024-09-17 02:14:43,374] [org.apache.juli.logging.DirectJDKLog] [restartedMain] [173] [INFO ] Starting service [Tomcat]
[2024-09-17 02:14:43,375] [org.apache.juli.logging.DirectJDKLog] [restartedMain] [173] [INFO ] Starting Servlet engine: [Apache Tomcat/10.1.28]
[2024-09-17 02:14:43,402] [org.apache.juli.logging.DirectJDKLog] [restartedMain] [173] [INFO ] Initializing Spring embedded WebApplicationContext
[2024-09-17 02:14:43,403] [org.springframework.boot.web.servlet.context.ServletWebServerApplicationContext] [restartedMain] [296] [INFO ] Root WebApplicationContext: initialization completed in 1004 ms
[2024-09-17 02:14:43,496] [org.hibernate.jpa.internal.util.LogHelper] [restartedMain] [31] [INFO ] HHH000204: Processing PersistenceUnitInfo [name: default]
[2024-09-17 02:14:43,498] [org.hibernate.cache.internal.RegionFactoryInitiator] [restartedMain] [50] [INFO ] HHH000026: Second-level cache disabled
[2024-09-17 02:14:43,509] [org.springframework.orm.jpa.persistenceunit.SpringPersistenceUnitInfo] [restartedMain] [87] [INFO ] No LoadTimeWeaver setup: ignoring JPA class transformer
[2024-09-17 02:14:43,510] [com.zaxxer.hikari.HikariDataSource] [restartedMain] [109] [INFO ] HikariPool-4 - Starting...
[2024-09-17 02:14:43,643] [com.zaxxer.hikari.pool.HikariPool] [restartedMain] [554] [INFO ] HikariPool-4 - Added connection com.mysql.cj.jdbc.ConnectionImpl@393f268d
[2024-09-17 02:14:43,644] [com.zaxxer.hikari.HikariDataSource] [restartedMain] [122] [INFO ] HikariPool-4 - Start completed.
[2024-09-17 02:14:43,644] [org.hibernate.engine.jdbc.dialect.internal.DialectFactoryImpl] [restartedMain] [153] [WARN ] HHH90000025: MySQL8Dialect does not need to be specified explicitly using 'hibernate.dialect' (remove the property setting and it will be selected by default)
[2024-09-17 02:14:43,644] [org.hibernate.engine.jdbc.dialect.internal.DialectFactoryImpl] [restartedMain] [101] [WARN ] HHH90000026: MySQL8Dialect has been deprecated; use org.hibernate.dialect.MySQLDialect instead
[2024-09-17 02:14:43,739] [org.hibernate.engine.transaction.jta.platform.internal.JtaPlatformInitiator] [restartedMain] [59] [INFO ] HHH000489: No JTA platform available (set 'hibernate.transaction.jta.platform' to enable JTA platform integration)
[2024-09-17 02:14:43,889] [org.springframework.orm.jpa.AbstractEntityManagerFactoryBean] [restartedMain] [437] [INFO ] Initialized JPA EntityManagerFactory for persistence unit 'default'
[2024-09-17 02:14:43,959] [org.springframework.boot.autoconfigure.orm.jpa.JpaBaseConfiguration$JpaWebConfiguration] [restartedMain] [236] [WARN ] spring.jpa.open-in-view is enabled by default. Therefore, database queries may be performed during view rendering. Explicitly configure spring.jpa.open-in-view to disable this warning
[2024-09-17 02:14:44,004] [org.springframework.web.filter.GenericFilterBean] [restartedMain] [240] [DEBUG] Filter 'jwtFilter' configured for use
[2024-09-17 02:14:44,024] [org.springframework.security.config.annotation.authentication.configuration.InitializeAuthenticationProviderBeanManagerConfigurer$InitializeAuthenticationProviderManagerConfigurer] [restartedMain] [83] [INFO ] Global AuthenticationManager configured with AuthenticationProvider bean with name authenticationProvider
[2024-09-17 02:14:44,024] [org.springframework.security.config.annotation.authentication.configuration.InitializeUserDetailsBeanManagerConfigurer$InitializeUserDetailsManagerConfigurer] [restartedMain] [72] [WARN ] Global AuthenticationManager configured with an AuthenticationProvider bean. UserDetailsService beans will not be used for username/password login. Consider removing the AuthenticationProvider bean. Alternatively, consider using the UserDetailsService in a manually instantiated DaoAuthenticationProvider.
[2024-09-17 02:14:44,146] [org.springframework.boot.autoconfigure.thymeleaf.ThymeleafAutoConfiguration$DefaultTemplateResolverConfiguration] [restartedMain] [101] [WARN ] Cannot find template location: classpath:/templates/ (please add some templates, check your Thymeleaf configuration, or set spring.thymeleaf.check-template-location=false)
[2024-09-17 02:14:44,205] [org.springframework.boot.devtools.autoconfigure.OptionalLiveReloadServer] [restartedMain] [59] [INFO ] LiveReload server is running on port 35729
[2024-09-17 02:14:44,218] [org.springframework.boot.web.embedded.tomcat.TomcatWebServer] [restartedMain] [243] [INFO ] Tomcat started on port 8080 (http) with context path '/'
[2024-09-17 02:14:44,222] [org.springframework.boot.StartupInfoLogger] [restartedMain] [56] [INFO ] Started DmsApiApplication in 1.898 seconds (process running for 857.352)
[2024-09-17 02:14:44,225] [org.springframework.boot.devtools.autoconfigure.ConditionEvaluationDeltaLoggingListener] [restartedMain] [63] [INFO ] Condition evaluation unchanged
[2024-09-17 02:18:11,610] [org.springframework.boot.devtools.autoconfigure.LocalDevToolsAutoConfiguration$RestartingClassPathChangeChangedEventListener] [File Watcher] [211] [INFO ] Restarting due to 1 class path change (0 additions, 0 deletions, 1 modification)
[2024-09-17 02:18:11,693] [org.springframework.orm.jpa.AbstractEntityManagerFactoryBean] [Thread-15] [650] [INFO ] Closing JPA EntityManagerFactory for persistence unit 'default'
[2024-09-17 02:18:11,722] [com.zaxxer.hikari.HikariDataSource] [Thread-15] [349] [INFO ] HikariPool-4 - Shutdown initiated...
[2024-09-17 02:18:11,767] [com.zaxxer.hikari.HikariDataSource] [Thread-15] [351] [INFO ] HikariPool-4 - Shutdown completed.
[2024-09-17 02:18:12,393] [org.springframework.boot.StartupInfoLogger] [restartedMain] [50] [INFO ] Starting DmsApiApplication using Java 21.0.3 with PID 22292 (D:\springboot\dms-api\target\classes started by User in D:\springboot\dms-api)
[2024-09-17 02:18:12,394] [org.springframework.boot.StartupInfoLogger] [restartedMain] [51] [DEBUG] Running with Spring Boot v3.3.3, Spring v6.1.12
[2024-09-17 02:18:12,394] [org.springframework.boot.SpringApplication] [restartedMain] [654] [INFO ] No active profile set, falling back to 1 default profile: "default"
[2024-09-17 02:18:13,325] [org.springframework.data.repository.config.RepositoryConfigurationDelegate] [restartedMain] [143] [INFO ] Bootstrapping Spring Data JPA repositories in DEFAULT mode.
[2024-09-17 02:18:13,365] [org.springframework.data.repository.config.RepositoryConfigurationDelegate] [restartedMain] [211] [INFO ] Finished Spring Data repository scanning in 36 ms. Found 4 JPA repository interfaces.
[2024-09-17 02:18:13,626] [org.springframework.boot.web.embedded.tomcat.TomcatWebServer] [restartedMain] [111] [INFO ] Tomcat initialized with port 8080 (http)
[2024-09-17 02:18:13,627] [org.apache.juli.logging.DirectJDKLog] [restartedMain] [173] [INFO ] Starting service [Tomcat]
[2024-09-17 02:18:13,628] [org.apache.juli.logging.DirectJDKLog] [restartedMain] [173] [INFO ] Starting Servlet engine: [Apache Tomcat/10.1.28]
[2024-09-17 02:18:13,653] [org.apache.juli.logging.DirectJDKLog] [restartedMain] [173] [INFO ] Initializing Spring embedded WebApplicationContext
[2024-09-17 02:18:13,653] [org.springframework.boot.web.servlet.context.ServletWebServerApplicationContext] [restartedMain] [296] [INFO ] Root WebApplicationContext: initialization completed in 1253 ms
[2024-09-17 02:18:13,769] [org.hibernate.jpa.internal.util.LogHelper] [restartedMain] [31] [INFO ] HHH000204: Processing PersistenceUnitInfo [name: default]
[2024-09-17 02:18:13,789] [org.hibernate.cache.internal.RegionFactoryInitiator] [restartedMain] [50] [INFO ] HHH000026: Second-level cache disabled
[2024-09-17 02:18:13,833] [org.springframework.orm.jpa.persistenceunit.SpringPersistenceUnitInfo] [restartedMain] [87] [INFO ] No LoadTimeWeaver setup: ignoring JPA class transformer
[2024-09-17 02:18:13,841] [com.zaxxer.hikari.HikariDataSource] [restartedMain] [109] [INFO ] HikariPool-5 - Starting...
[2024-09-17 02:18:13,903] [com.zaxxer.hikari.pool.HikariPool] [restartedMain] [554] [INFO ] HikariPool-5 - Added connection com.mysql.cj.jdbc.ConnectionImpl@3b4f8995
[2024-09-17 02:18:13,905] [com.zaxxer.hikari.HikariDataSource] [restartedMain] [122] [INFO ] HikariPool-5 - Start completed.
[2024-09-17 02:18:13,908] [org.hibernate.engine.jdbc.dialect.internal.DialectFactoryImpl] [restartedMain] [153] [WARN ] HHH90000025: MySQL8Dialect does not need to be specified explicitly using 'hibernate.dialect' (remove the property setting and it will be selected by default)
[2024-09-17 02:18:13,910] [org.hibernate.engine.jdbc.dialect.internal.DialectFactoryImpl] [restartedMain] [101] [WARN ] HHH90000026: MySQL8Dialect has been deprecated; use org.hibernate.dialect.MySQLDialect instead
[2024-09-17 02:18:14,071] [org.hibernate.engine.transaction.jta.platform.internal.JtaPlatformInitiator] [restartedMain] [59] [INFO ] HHH000489: No JTA platform available (set 'hibernate.transaction.jta.platform' to enable JTA platform integration)
[2024-09-17 02:18:14,137] [org.springframework.orm.jpa.AbstractEntityManagerFactoryBean] [restartedMain] [437] [INFO ] Initialized JPA EntityManagerFactory for persistence unit 'default'
[2024-09-17 02:18:14,232] [org.springframework.boot.autoconfigure.orm.jpa.JpaBaseConfiguration$JpaWebConfiguration] [restartedMain] [236] [WARN ] spring.jpa.open-in-view is enabled by default. Therefore, database queries may be performed during view rendering. Explicitly configure spring.jpa.open-in-view to disable this warning
[2024-09-17 02:18:14,293] [org.springframework.web.filter.GenericFilterBean] [restartedMain] [240] [DEBUG] Filter 'jwtFilter' configured for use
[2024-09-17 02:18:14,308] [org.springframework.security.config.annotation.authentication.configuration.InitializeAuthenticationProviderBeanManagerConfigurer$InitializeAuthenticationProviderManagerConfigurer] [restartedMain] [83] [INFO ] Global AuthenticationManager configured with AuthenticationProvider bean with name authenticationProvider
[2024-09-17 02:18:14,308] [org.springframework.security.config.annotation.authentication.configuration.InitializeUserDetailsBeanManagerConfigurer$InitializeUserDetailsManagerConfigurer] [restartedMain] [72] [WARN ] Global AuthenticationManager configured with an AuthenticationProvider bean. UserDetailsService beans will not be used for username/password login. Consider removing the AuthenticationProvider bean. Alternatively, consider using the UserDetailsService in a manually instantiated DaoAuthenticationProvider.
[2024-09-17 02:18:14,434] [org.springframework.boot.autoconfigure.thymeleaf.ThymeleafAutoConfiguration$DefaultTemplateResolverConfiguration] [restartedMain] [101] [WARN ] Cannot find template location: classpath:/templates/ (please add some templates, check your Thymeleaf configuration, or set spring.thymeleaf.check-template-location=false)
[2024-09-17 02:18:14,505] [org.springframework.boot.devtools.autoconfigure.OptionalLiveReloadServer] [restartedMain] [59] [INFO ] LiveReload server is running on port 35729
[2024-09-17 02:18:14,524] [org.springframework.boot.web.embedded.tomcat.TomcatWebServer] [restartedMain] [243] [INFO ] Tomcat started on port 8080 (http) with context path '/'
[2024-09-17 02:18:14,532] [org.springframework.boot.StartupInfoLogger] [restartedMain] [56] [INFO ] Started DmsApiApplication in 2.305 seconds (process running for 1067.663)
[2024-09-17 02:18:14,535] [org.springframework.boot.devtools.autoconfigure.ConditionEvaluationDeltaLoggingListener] [restartedMain] [63] [INFO ] Condition evaluation unchanged
[2024-09-17 02:18:59,680] [org.apache.juli.logging.DirectJDKLog] [http-nio-8080-exec-1] [173] [INFO ] Initializing Spring DispatcherServlet 'dispatcherServlet'
[2024-09-17 02:18:59,681] [org.springframework.web.servlet.FrameworkServlet] [http-nio-8080-exec-1] [532] [INFO ] Initializing Servlet 'dispatcherServlet'
[2024-09-17 02:18:59,683] [org.springframework.web.servlet.FrameworkServlet] [http-nio-8080-exec-1] [554] [INFO ] Completed initialization in 2 ms
[2024-09-17 02:26:03,901] [org.springframework.boot.devtools.autoconfigure.LocalDevToolsAutoConfiguration$RestartingClassPathChangeChangedEventListener] [File Watcher] [211] [INFO ] Restarting due to 1 class path change (0 additions, 0 deletions, 1 modification)
[2024-09-17 02:26:04,040] [org.springframework.orm.jpa.AbstractEntityManagerFactoryBean] [Thread-19] [650] [INFO ] Closing JPA EntityManagerFactory for persistence unit 'default'
[2024-09-17 02:26:04,071] [com.zaxxer.hikari.HikariDataSource] [Thread-19] [349] [INFO ] HikariPool-5 - Shutdown initiated...
[2024-09-17 02:26:04,098] [com.zaxxer.hikari.HikariDataSource] [Thread-19] [351] [INFO ] HikariPool-5 - Shutdown completed.
[2024-09-17 02:26:04,490] [org.springframework.boot.StartupInfoLogger] [restartedMain] [50] [INFO ] Starting DmsApiApplication using Java 21.0.3 with PID 22292 (D:\springboot\dms-api\target\classes started by User in D:\springboot\dms-api)
[2024-09-17 02:26:04,490] [org.springframework.boot.StartupInfoLogger] [restartedMain] [51] [DEBUG] Running with Spring Boot v3.3.3, Spring v6.1.12
[2024-09-17 02:26:04,490] [org.springframework.boot.SpringApplication] [restartedMain] [654] [INFO ] No active profile set, falling back to 1 default profile: "default"
[2024-09-17 02:26:04,860] [org.springframework.data.repository.config.RepositoryConfigurationDelegate] [restartedMain] [143] [INFO ] Bootstrapping Spring Data JPA repositories in DEFAULT mode.
[2024-09-17 02:26:04,879] [org.springframework.data.repository.config.RepositoryConfigurationDelegate] [restartedMain] [211] [INFO ] Finished Spring Data repository scanning in 18 ms. Found 4 JPA repository interfaces.
[2024-09-17 02:26:04,989] [org.springframework.boot.web.embedded.tomcat.TomcatWebServer] [restartedMain] [111] [INFO ] Tomcat initialized with port 8080 (http)
[2024-09-17 02:26:04,991] [org.apache.juli.logging.DirectJDKLog] [restartedMain] [173] [INFO ] Starting service [Tomcat]
[2024-09-17 02:26:04,991] [org.apache.juli.logging.DirectJDKLog] [restartedMain] [173] [INFO ] Starting Servlet engine: [Apache Tomcat/10.1.28]
[2024-09-17 02:26:05,014] [org.apache.juli.logging.DirectJDKLog] [restartedMain] [173] [INFO ] Initializing Spring embedded WebApplicationContext
[2024-09-17 02:26:05,014] [org.springframework.boot.web.servlet.context.ServletWebServerApplicationContext] [restartedMain] [296] [INFO ] Root WebApplicationContext: initialization completed in 523 ms
[2024-09-17 02:26:05,065] [org.hibernate.jpa.internal.util.LogHelper] [restartedMain] [31] [INFO ] HHH000204: Processing PersistenceUnitInfo [name: default]
[2024-09-17 02:26:05,068] [org.hibernate.cache.internal.RegionFactoryInitiator] [restartedMain] [50] [INFO ] HHH000026: Second-level cache disabled
[2024-09-17 02:26:05,081] [org.springframework.orm.jpa.persistenceunit.SpringPersistenceUnitInfo] [restartedMain] [87] [INFO ] No LoadTimeWeaver setup: ignoring JPA class transformer
[2024-09-17 02:26:05,082] [com.zaxxer.hikari.HikariDataSource] [restartedMain] [109] [INFO ] HikariPool-6 - Starting...
[2024-09-17 02:26:05,140] [com.zaxxer.hikari.pool.HikariPool] [restartedMain] [554] [INFO ] HikariPool-6 - Added connection com.mysql.cj.jdbc.ConnectionImpl@274762d2
[2024-09-17 02:26:05,141] [com.zaxxer.hikari.HikariDataSource] [restartedMain] [122] [INFO ] HikariPool-6 - Start completed.
[2024-09-17 02:26:05,143] [org.hibernate.engine.jdbc.dialect.internal.DialectFactoryImpl] [restartedMain] [153] [WARN ] HHH90000025: MySQL8Dialect does not need to be specified explicitly using 'hibernate.dialect' (remove the property setting and it will be selected by default)
[2024-09-17 02:26:05,143] [org.hibernate.engine.jdbc.dialect.internal.DialectFactoryImpl] [restartedMain] [101] [WARN ] HHH90000026: MySQL8Dialect has been deprecated; use org.hibernate.dialect.MySQLDialect instead
[2024-09-17 02:26:05,218] [org.hibernate.engine.transaction.jta.platform.internal.JtaPlatformInitiator] [restartedMain] [59] [INFO ] HHH000489: No JTA platform available (set 'hibernate.transaction.jta.platform' to enable JTA platform integration)
[2024-09-17 02:26:05,274] [org.springframework.orm.jpa.AbstractEntityManagerFactoryBean] [restartedMain] [437] [INFO ] Initialized JPA EntityManagerFactory for persistence unit 'default'
[2024-09-17 02:26:05,340] [org.springframework.boot.autoconfigure.orm.jpa.JpaBaseConfiguration$JpaWebConfiguration] [restartedMain] [236] [WARN ] spring.jpa.open-in-view is enabled by default. Therefore, database queries may be performed during view rendering. Explicitly configure spring.jpa.open-in-view to disable this warning
[2024-09-17 02:26:05,376] [org.springframework.web.filter.GenericFilterBean] [restartedMain] [240] [DEBUG] Filter 'jwtFilter' configured for use
[2024-09-17 02:26:05,391] [org.springframework.security.config.annotation.authentication.configuration.InitializeAuthenticationProviderBeanManagerConfigurer$InitializeAuthenticationProviderManagerConfigurer] [restartedMain] [83] [INFO ] Global AuthenticationManager configured with AuthenticationProvider bean with name authenticationProvider
[2024-09-17 02:26:05,392] [org.springframework.security.config.annotation.authentication.configuration.InitializeUserDetailsBeanManagerConfigurer$InitializeUserDetailsManagerConfigurer] [restartedMain] [72] [WARN ] Global AuthenticationManager configured with an AuthenticationProvider bean. UserDetailsService beans will not be used for username/password login. Consider removing the AuthenticationProvider bean. Alternatively, consider using the UserDetailsService in a manually instantiated DaoAuthenticationProvider.
[2024-09-17 02:26:05,498] [org.springframework.boot.autoconfigure.thymeleaf.ThymeleafAutoConfiguration$DefaultTemplateResolverConfiguration] [restartedMain] [101] [WARN ] Cannot find template location: classpath:/templates/ (please add some templates, check your Thymeleaf configuration, or set spring.thymeleaf.check-template-location=false)
[2024-09-17 02:26:05,553] [org.springframework.boot.devtools.autoconfigure.OptionalLiveReloadServer] [restartedMain] [59] [INFO ] LiveReload server is running on port 35729
[2024-09-17 02:26:05,588] [org.springframework.boot.web.embedded.tomcat.TomcatWebServer] [restartedMain] [243] [INFO ] Tomcat started on port 8080 (http) with context path '/'
[2024-09-17 02:26:05,591] [org.springframework.boot.StartupInfoLogger] [restartedMain] [56] [INFO ] Started DmsApiApplication in 1.154 seconds (process running for 1538.721)
[2024-09-17 02:26:05,592] [org.springframework.boot.devtools.autoconfigure.ConditionEvaluationDeltaLoggingListener] [restartedMain] [63] [INFO ] Condition evaluation unchanged
[2024-09-17 02:26:22,621] [org.apache.juli.logging.DirectJDKLog] [http-nio-8080-exec-2] [173] [INFO ] Initializing Spring DispatcherServlet 'dispatcherServlet'
[2024-09-17 02:26:22,621] [org.springframework.web.servlet.FrameworkServlet] [http-nio-8080-exec-2] [532] [INFO ] Initializing Servlet 'dispatcherServlet'
[2024-09-17 02:26:22,623] [org.springframework.web.servlet.FrameworkServlet] [http-nio-8080-exec-2] [554] [INFO ] Completed initialization in 2 ms
[2024-09-17 03:36:07,294] [com.zaxxer.hikari.pool.HikariPool$HouseKeeper] [HikariPool-6 housekeeper] [797] [WARN ] HikariPool-6 - Thread starvation or clock leap detected (housekeeper delta=34m1s310ms248µs800ns).
[2024-09-17 03:36:35,298] [org.springframework.boot.admin.SpringApplicationAdminMXBeanRegistrar$SpringApplicationAdmin] [RMI TCP Connection(97)-127.0.0.1] [159] [INFO ] Application shutdown requested.
[2024-09-17 03:36:35,348] [org.springframework.orm.jpa.AbstractEntityManagerFactoryBean] [RMI TCP Connection(97)-127.0.0.1] [650] [INFO ] Closing JPA EntityManagerFactory for persistence unit 'default'
[2024-09-17 03:36:35,356] [com.zaxxer.hikari.HikariDataSource] [RMI TCP Connection(97)-127.0.0.1] [349] [INFO ] HikariPool-6 - Shutdown initiated...
[2024-09-17 03:36:35,369] [com.zaxxer.hikari.HikariDataSource] [RMI TCP Connection(97)-127.0.0.1] [351] [INFO ] HikariPool-6 - Shutdown completed.
